<?xml version="1.0" encoding="UTF-8"?>
<!-- Generated by org.testng.reporters.JUnitXMLReporter -->
<testsuite hostname="DESKTOP-38O6ULO" ignored="1" name="Default test" tests="5" failures="0" timestamp="05 Sep 2022 09:27:38 GMT" time="47.225" errors="0">
  <testcase name="tc3" time="7.303" classname="org.testng.Logintestng"/>
  <testcase name="tc3" time="5.411" classname="org.testng.Logintestng"/>
  <testcase name="tc1" time="5.396" classname="org.testng.Logintestng"/>
  <testcase name="tc5" time="5.676" classname="org.testng.Logintestng"/>
  <testcase name="tc4" time="5.198" classname="org.testng.Logintestng"/>
  <testcase name="tc2" time="0.0" classname="org.testng.Logintestng">
    <ignored/>
  </testcase> <!-- tc2 -->
</testsuite> <!-- Default test -->
