<?xml version="1.0" encoding="UTF-8"?>
<!-- Generated by org.testng.reporters.JUnitXMLReporter -->
<testsuite hostname="DESKTOP-38O6ULO" ignored="1" name="Test" tests="8" failures="1" timestamp="05 Sep 2022 17:46:55 GMT" time="56.349" errors="0">
  <testcase name="tc3" time="5.382" classname="org.testng.Logintestng"/>
  <testcase name="tc3" time="4.992" classname="org.testng.Logintestng"/>
  <testcase name="tc1" time="5.033" classname="org.testng.Logintestng"/>
  <testcase name="tc5" time="2.803" classname="org.testng.Logintestng">
    <skipped/>
  </testcase> <!-- tc5 -->
  <testcase name="tc5" time="1.975" classname="org.testng.Logintestng">
    <skipped/>
  </testcase> <!-- tc5 -->
  <testcase name="tc5" time="2.641" classname="org.testng.Logintestng">
    <skipped/>
  </testcase> <!-- tc5 -->
  <testcase name="tc5" time="2.428" classname="org.testng.Logintestng">
    <failure type="java.lang.AssertionError" message="checking expected [true] but found [false]">
      <![CDATA[java.lang.AssertionError: checking expected [true] but found [false]
... Removed 29 stack frames]]>
    </failure>
  </testcase> <!-- tc5 -->
  <testcase name="tc4" time="4.308" classname="org.testng.Logintestng"/>
  <testcase name="tc2" time="0.0" classname="org.testng.Logintestng">
    <ignored/>
  </testcase> <!-- tc2 -->
</testsuite> <!-- Test -->
