<?xml version="1.0" encoding="UTF-8"?>
<!-- Generated by org.testng.reporters.JUnitXMLReporter -->
<testsuite hostname="DESKTOP-38O6ULO" ignored="1" name="Test" tests="8" failures="0" timestamp="06 Sep 2022 13:31:22 GMT" time="41.588" errors="0">
  <testcase name="tc33" time="5.639" classname="org.testng.Paralleltestng"/>
  <testcase name="tc33" time="4.876" classname="org.testng.Paralleltestng"/>
  <testcase name="tc11" time="4.921" classname="org.testng.Paralleltestng"/>
  <testcase name="t1" time="0.006" classname="org.testng.Parallel"/>
  <testcase name="tc2" time="0.002" classname="org.testng.Parallel"/>
  <testcase name="tc3" time="0.004" classname="org.testng.Parallel"/>
  <testcase name="tc55" time="4.931" classname="org.testng.Paralleltestng"/>
  <testcase name="tc44" time="4.714" classname="org.testng.Paralleltestng"/>
  <testcase name="tc22" time="0.0" classname="org.testng.Paralleltestng">
    <ignored/>
  </testcase> <!-- tc22 -->
</testsuite> <!-- Test -->
