<?xml version="1.0" encoding="UTF-8"?>
<testng-results skipped="0" failed="1" ignored="0" total="3" passed="2">
  <reporter-output>
  </reporter-output>
  <suite name="Suite" duration-ms="72907" started-at="2022-09-06T14:21:02Z" finished-at="2022-09-06T14:22:15Z">
    <groups>
    </groups>
    <test name="Test3" duration-ms="8390" started-at="2022-09-06T14:21:02Z" finished-at="2022-09-06T14:21:10Z">
      <class name="org.testng.Crossbrowser">
        <test-method status="FAIL" signature="tc1(java.lang.String)[pri:0, instance:org.testng.Crossbrowser@589838eb]" name="tc1" duration-ms="8316" started-at="2022-09-06T14:21:02Z" finished-at="2022-09-06T14:21:10Z">
          <params>
            <param index="0">
              <value>
                <![CDATA[edge]]>
              </value>
            </param>
          </params>
          <exception class="io.github.bonigarcia.wdm.config.WebDriverManagerException">
            <message>
              <![CDATA[io.github.bonigarcia.wdm.config.WebDriverManagerException: msedgedriver 105.0.1343.27 for WIN 64 not found in https://msedgedriver.azureedge.net/]]>
            </message>
            <full-stacktrace>
              <![CDATA[io.github.bonigarcia.wdm.config.WebDriverManagerException: io.github.bonigarcia.wdm.config.WebDriverManagerException: msedgedriver 105.0.1343.27 for WIN 64 not found in https://msedgedriver.azureedge.net/
at io.github.bonigarcia.wdm.WebDriverManager.handleException(WebDriverManager.java:725)
at io.github.bonigarcia.wdm.WebDriverManager.manage(WebDriverManager.java:531)
at io.github.bonigarcia.wdm.WebDriverManager.handleException(WebDriverManager.java:722)
at io.github.bonigarcia.wdm.WebDriverManager.manage(WebDriverManager.java:531)
at io.github.bonigarcia.wdm.WebDriverManager.setup(WebDriverManager.java:277)
at org.utility.Baseclass.launchEdge(Baseclass.java:87)
at org.testng.Crossbrowser.tc1(Crossbrowser.java:23)
at sun.reflect.NativeMethodAccessorImpl.invoke0(Native Method)
at sun.reflect.NativeMethodAccessorImpl.invoke(Unknown Source)
at sun.reflect.DelegatingMethodAccessorImpl.invoke(Unknown Source)
at java.lang.reflect.Method.invoke(Unknown Source)
at org.testng.internal.MethodInvocationHelper.invokeMethod(MethodInvocationHelper.java:124)
at org.testng.internal.Invoker.invokeMethod(Invoker.java:583)
at org.testng.internal.Invoker.invokeTestMethod(Invoker.java:719)
at org.testng.internal.Invoker.invokeTestMethods(Invoker.java:989)
at org.testng.internal.TestMethodWorker.invokeTestMethods(TestMethodWorker.java:125)
at org.testng.internal.TestMethodWorker.run(TestMethodWorker.java:109)
at org.testng.TestRunner.privateRun(TestRunner.java:648)
at org.testng.TestRunner.run(TestRunner.java:505)
at org.testng.SuiteRunner.runTest(SuiteRunner.java:455)
at org.testng.SuiteRunner.access$000(SuiteRunner.java:40)
at org.testng.SuiteRunner$SuiteWorker.run(SuiteRunner.java:489)
at org.testng.internal.thread.ThreadUtil$1.call(ThreadUtil.java:52)
at java.util.concurrent.FutureTask.run(Unknown Source)
at java.util.concurrent.ThreadPoolExecutor.runWorker(Unknown Source)
at java.util.concurrent.ThreadPoolExecutor$Worker.run(Unknown Source)
at java.lang.Thread.run(Unknown Source)
Caused by: io.github.bonigarcia.wdm.config.WebDriverManagerException: msedgedriver 105.0.1343.27 for WIN 64 not found in https://msedgedriver.azureedge.net/
at io.github.bonigarcia.wdm.WebDriverManager.noCandidateUrlFound(WebDriverManager.java:607)
at io.github.bonigarcia.wdm.WebDriverManager.createUrlHandler(WebDriverManager.java:756)
at io.github.bonigarcia.wdm.WebDriverManager.download(WebDriverManager.java:593)
at io.github.bonigarcia.wdm.WebDriverManager.manage(WebDriverManager.java:525)
... 25 more
]]>
            </full-stacktrace>
          </exception> <!-- io.github.bonigarcia.wdm.config.WebDriverManagerException -->
          <reporter-output>
          </reporter-output>
        </test-method> <!-- tc1 -->
      </class> <!-- org.testng.Crossbrowser -->
    </test> <!-- Test3 -->
    <test name="Test1" duration-ms="17657" started-at="2022-09-06T14:21:02Z" finished-at="2022-09-06T14:21:19Z">
      <class name="org.testng.Crossbrowser">
        <test-method status="PASS" signature="tc1(java.lang.String)[pri:0, instance:org.testng.Crossbrowser@3e6fa38a]" name="tc1" duration-ms="17597" started-at="2022-09-06T14:21:02Z" finished-at="2022-09-06T14:21:19Z">
          <params>
            <param index="0">
              <value>
                <![CDATA[chrome]]>
              </value>
            </param>
          </params>
          <reporter-output>
          </reporter-output>
        </test-method> <!-- tc1 -->
      </class> <!-- org.testng.Crossbrowser -->
    </test> <!-- Test1 -->
    <test name="Test2" duration-ms="72907" started-at="2022-09-06T14:21:02Z" finished-at="2022-09-06T14:22:15Z">
      <class name="org.testng.Crossbrowser">
        <test-method status="PASS" signature="tc1(java.lang.String)[pri:0, instance:org.testng.Crossbrowser@598067a5]" name="tc1" duration-ms="72842" started-at="2022-09-06T14:21:02Z" finished-at="2022-09-06T14:22:14Z">
          <params>
            <param index="0">
              <value>
                <![CDATA[ff]]>
              </value>
            </param>
          </params>
          <reporter-output>
          </reporter-output>
        </test-method> <!-- tc1 -->
      </class> <!-- org.testng.Crossbrowser -->
    </test> <!-- Test2 -->
  </suite> <!-- Suite -->
</testng-results>
